2026-05-19 13:03:41,023 - Sistema iniciado
2026-05-19 13:03:41,023 - DETECTANDO
2026-05-19 13:03:41,024 - Objeto detectado: (10, 20, 30)
2026-05-19 13:03:41,024 - CALC_IK
2026-05-19 13:03:41,024 - Ángulos calculados: [10, -20, 30, 40, 50, 60]
2026-05-19 13:03:41,024 - AGARRANDO
2026-05-19 13:03:41,024 - Objeto agarrado
2026-05-19 13:03:41,024 - DEPOSITAR
2026-05-19 13:03:41,024 - Objeto depositado
2026-05-19 13:03:41,024 - Ciclo completado
2026-05-19 13:03:43,025 - DETECTANDO
2026-05-19 13:03:43,025 - Objeto detectado: (10, 20, 30)
2026-05-19 13:03:43,025 - CALC_IK
2026-05-19 13:03:43,026 - Ángulos calculados: [10, -20, 30, 40, 50, 60]
2026-05-19 13:03:43,026 - AGARRANDO
2026-05-19 13:03:43,026 - Objeto agarrado
2026-05-19 13:03:43,027 - DEPOSITAR
2026-05-19 13:03:43,027 - Objeto depositado
2026-05-19 13:03:43,027 - Ciclo completado
2026-05-19 13:03:45,027 - DETECTANDO
2026-05-19 13:03:45,027 - Objeto detectado: (10, 20, 30)
2026-05-19 13:03:45,028 - CALC_IK
2026-05-19 13:03:45,028 - Ángulos calculados: [10, -20, 30, 40, 50, 60]
2026-05-19 13:03:45,028 - AGARRANDO
2026-05-19 13:03:45,028 - Objeto agarrado
2026-05-19 13:03:45,028 - DEPOSITAR
2026-05-19 13:03:45,028 - Objeto depositado
2026-05-19 13:03:45,028 - Ciclo completado
2026-05-19 13:03:47,029 - DETECTANDO
2026-05-19 13:03:47,029 - Objeto detectado: (10, 20, 30)
2026-05-19 13:03:47,029 - CALC_IK
2026-05-19 13:03:47,030 - Ángulos calculados: [10, -20, 30, 40, 50, 60]
2026-05-19 13:03:47,030 - AGARRANDO
2026-05-19 13:03:47,030 - Objeto agarrado
2026-05-19 13:03:47,030 - DEPOSITAR
2026-05-19 13:03:47,030 - Objeto depositado
2026-05-19 13:03:47,030 - Ciclo completado
2026-05-19 13:03:49,031 - DETECTANDO
2026-05-19 13:03:49,031 - Objeto detectado: (10, 20, 30)
2026-05-19 13:03:49,031 - CALC_IK
2026-05-19 13:03:49,031 - Ángulos calculados: [10, -20, 30, 40, 50, 60]
2026-05-19 13:03:49,031 - AGARRANDO
2026-05-19 13:03:49,031 - Objeto agarrado
2026-05-19 13:03:49,031 - DEPOSITAR
2026-05-19 13:03:49,032 - Objeto depositado
2026-05-19 13:03:49,032 - Ciclo completado
2026-05-19 13:03:51,032 - Sistema finalizado
